<?xml version="1.0" encoding="UTF-8"?>
<testng-results skipped="0" failed="0" total="1" passed="1">
  <reporter-output>
  </reporter-output>
  <suite name="Suite" duration-ms="18475" started-at="2016-07-17T12:46:04Z" finished-at="2016-07-17T12:46:23Z">
    <groups>
    </groups>
    <test name="Test" duration-ms="18475" started-at="2016-07-17T12:46:04Z" finished-at="2016-07-17T12:46:23Z">
      <class name="hello.NewTest">
        <test-method status="PASS" signature="setUp()[pri:0, instance:hello.NewTest@7281205b]" name="setUp" is-config="true" duration-ms="9918" started-at="2016-07-17T20:46:04Z" finished-at="2016-07-17T20:46:14Z">
          <reporter-output>
          </reporter-output>
        </test-method> <!-- setUp -->
        <test-method status="PASS" signature="g()[pri:0, instance:hello.NewTest@7281205b]" name="g" duration-ms="7839" started-at="2016-07-17T20:46:14Z" finished-at="2016-07-17T20:46:22Z">
          <reporter-output>
          </reporter-output>
        </test-method> <!-- g -->
        <test-method status="PASS" signature="tearDown()[pri:0, instance:hello.NewTest@7281205b]" name="tearDown" is-config="true" duration-ms="705" started-at="2016-07-17T20:46:22Z" finished-at="2016-07-17T20:46:23Z">
          <reporter-output>
          </reporter-output>
        </test-method> <!-- tearDown -->
      </class> <!-- hello.NewTest -->
    </test> <!-- Test -->
  </suite> <!-- Suite -->
</testng-results>
